app/build/intermediates/manifest_merge_blame_file/debug/manifest-merger-blame-debug-report.txt
1<?xml version="1.0" encoding="utf-8"?>
2<manifest xmlns:android="http://schemas.android.com/apk/res/android"
3    package="cn.wenhe9.order"
4    android:versionCode="1"
5    android:versionName="1.0" >
6
7    <uses-sdk
8        android:minSdkVersion="16"
8-->src/main/AndroidManifest.xml
9        android:targetSdkVersion="30" />
9-->src/main/AndroidManifest.xml
10
11    <uses-permission android:name="android.permission.INTERNET" />
11-->src/main/AndroidManifest.xml:5:5-66
11-->src/main/AndroidManifest.xml:5:22-64
12
13    <application
13-->src/main/AndroidManifest.xml:7:5-31:19
14        android:name="cn.wenhe9.order.OrderApplication"
14-->src/main/AndroidManifest.xml:8:13-45
15        android:allowBackup="true"
15-->src/main/AndroidManifest.xml:9:13-39
16        android:appComponentFactory="androidx.core.app.CoreComponentFactory"
16-->[androidx.core:core:1.3.2] AndroidManifest.xml:24:18-86
17        android:debuggable="true"
18        android:icon="@mipmap/app_icon"
18-->src/main/AndroidManifest.xml:10:13-44
19        android:label="@string/app_name"
19-->src/main/AndroidManifest.xml:11:13-45
20        android:networkSecurityConfig="@xml/network_config"
20-->src/main/AndroidManifest.xml:12:13-64
21        android:roundIcon="@mipmap/app_icon"
21-->src/main/AndroidManifest.xml:13:13-49
22        android:supportsRtl="true"
22-->src/main/AndroidManifest.xml:14:13-39
23        android:testOnly="true"
24        android:theme="@style/Theme.Order" >
24-->src/main/AndroidManifest.xml:15:13-47
25        <activity android:name="cn.wenhe9.order.ui.order.OrderActivity" >
25-->src/main/AndroidManifest.xml:16:9-17:20
25-->src/main/AndroidManifest.xml:16:19-57
26        </activity>
27        <activity
27-->src/main/AndroidManifest.xml:18:9-21:20
28            android:name="cn.wenhe9.order.ui.food.FoodActivity"
28-->src/main/AndroidManifest.xml:19:17-53
29            android:theme="@style/Theme.ActivityDialogStyle" >
29-->src/main/AndroidManifest.xml:20:17-65
30        </activity>
31        <activity android:name="cn.wenhe9.order.ui.food.ShopDetailActivity" >
31-->src/main/AndroidManifest.xml:22:9-23:20
31-->src/main/AndroidManifest.xml:22:19-61
32        </activity>
33        <activity android:name="cn.wenhe9.order.ui.shop.ShopActivity" >
33-->src/main/AndroidManifest.xml:24:9-30:20
33-->src/main/AndroidManifest.xml:24:19-55
34            <intent-filter>
34-->src/main/AndroidManifest.xml:25:13-29:29
35                <action android:name="android.intent.action.MAIN" />
35-->src/main/AndroidManifest.xml:26:17-68
35-->src/main/AndroidManifest.xml:26:25-66
36
37                <category android:name="android.intent.category.LAUNCHER" />
37-->src/main/AndroidManifest.xml:28:17-76
37-->src/main/AndroidManifest.xml:28:27-74
38            </intent-filter>
39        </activity>
40
41        <provider
41-->[androidx.lifecycle:lifecycle-process:2.2.0] AndroidManifest.xml:25:9-29:43
42            android:name="androidx.lifecycle.ProcessLifecycleOwnerInitializer"
42-->[androidx.lifecycle:lifecycle-process:2.2.0] AndroidManifest.xml:26:13-79
43            android:authorities="cn.wenhe9.order.lifecycle-process"
43-->[androidx.lifecycle:lifecycle-process:2.2.0] AndroidManifest.xml:27:13-69
44            android:exported="false"
44-->[androidx.lifecycle:lifecycle-process:2.2.0] AndroidManifest.xml:28:13-37
45            android:multiprocess="true" />
45-->[androidx.lifecycle:lifecycle-process:2.2.0] AndroidManifest.xml:29:13-40
46    </application>
47
48</manifest>